<?xml version="1.0" encoding="UTF-8"?>
<!-- Generated by org.testng.reporters.JUnitXMLReporter -->
<testsuite ignored="0" hostname="Shoba-A" failures="0" tests="16" name="Default test" time="121.375" errors="0" timestamp="2022-08-18T09:31:31 IST">
  <testcase classname="dashboards.SalesReport" name="signuppage" time="6.179"/>
  <testcase classname="dashboards.SalesReport" name="DateRange" time="1.779"/>
  <testcase classname="dashboards.SalesReport" name="DateRange" time="1.185"/>
  <testcase classname="dashboards.SalesReport" name="DateRange" time="0.876"/>
  <testcase classname="dashboards.SalesReport" name="DateRange" time="1.227"/>
  <testcase classname="dashboards.SalesReport" name="DateRange" time="1.294"/>
  <testcase classname="dashboards.SalesReport" name="Suppliernameplusandminus" time="12.489"/>
  <testcase classname="dashboards.SalesReport" name="Suppliernmaecolumn" time="12.607"/>
  <testcase classname="dashboards.SalesReport" name="Suppliernmaecolumn" time="11.513"/>
  <testcase classname="dashboards.SalesReport" name="ordernocolumn" time="7.227"/>
  <testcase classname="dashboards.SalesReport" name="ordernocolumn" time="6.739"/>
  <testcase classname="dashboards.SalesReport" name="sort1" time="5.391"/>
  <testcase classname="dashboards.SalesReport" name="sort2" time="3.363"/>
  <testcase classname="dashboards.SalesReport" name="filter" time="19.8"/>
  <testcase classname="dashboards.SalesReport" name="pagenavigation" time="8.801"/>
  <testcase classname="dashboards.SalesReport" name="bonusreport" time="0.483"/>
</testsuite> <!-- Default test -->
