<?xml version="1.0" encoding="UTF-8"?>
<testng-results ignored="0" total="16" passed="16" failed="0" skipped="0">
  <reporter-output>
  </reporter-output>
  <suite started-at="2022-08-18T09:29:29 IST" name="Default suite" finished-at="2022-08-18T09:31:31 IST" duration-ms="121375">
    <groups>
    </groups>
    <test started-at="2022-08-18T09:29:29 IST" name="Default test" finished-at="2022-08-18T09:31:31 IST" duration-ms="121375">
      <class name="dashboards.SalesReport">
        <test-method is-config="true" signature="web()[pri:0, instance:dashboards.SalesReport@2e005c4b]" started-at="2022-08-18T09:29:29 IST" name="web" finished-at="2022-08-18T09:29:46 IST" duration-ms="16489" status="PASS">
          <reporter-output>
          </reporter-output>
        </test-method> <!-- web -->
        <test-method signature="signuppage(java.lang.String,java.lang.String)[pri:0, instance:dashboards.SalesReport@2e005c4b]" started-at="2022-08-18T09:29:48 IST" name="signuppage" data-provider="Signin" finished-at="2022-08-18T09:29:54 IST" duration-ms="6179" status="PASS">
          <params>
            <param index="0">
              <value>
                <![CDATA[ravindrah+demoreseller1@openspaceservices.com]]>
              </value>
            </param>
            <param index="1">
              <value>
                <![CDATA[Round@123]]>
              </value>
            </param>
          </params>
          <reporter-output>
          </reporter-output>
        </test-method> <!-- signuppage -->
        <test-method signature="DateRange(java.lang.String,java.lang.String)[pri:2, instance:dashboards.SalesReport@2e005c4b]" started-at="2022-08-18T09:29:55 IST" name="DateRange" data-provider="Daterange" finished-at="2022-08-18T09:29:57 IST" duration-ms="1779" status="PASS">
          <params>
            <param index="0">
              <value>
                <![CDATA[09-24-2020]]>
              </value>
            </param>
            <param index="1">
              <value>
                <![CDATA[09-15-2021]]>
              </value>
            </param>
          </params>
          <reporter-output>
          </reporter-output>
        </test-method> <!-- DateRange -->
        <test-method signature="DateRange(java.lang.String,java.lang.String)[pri:2, instance:dashboards.SalesReport@2e005c4b]" started-at="2022-08-18T09:29:57 IST" name="DateRange" data-provider="Daterange" finished-at="2022-08-18T09:29:58 IST" duration-ms="1185" status="PASS">
          <params>
            <param index="0">
              <value>
                <![CDATA[03-08-2021]]>
              </value>
            </param>
            <param index="1">
              <value>
                <![CDATA[04-21-2022]]>
              </value>
            </param>
          </params>
          <reporter-output>
          </reporter-output>
        </test-method> <!-- DateRange -->
        <test-method signature="DateRange(java.lang.String,java.lang.String)[pri:2, instance:dashboards.SalesReport@2e005c4b]" started-at="2022-08-18T09:29:58 IST" name="DateRange" data-provider="Daterange" finished-at="2022-08-18T09:29:59 IST" duration-ms="876" status="PASS">
          <params>
            <param index="0">
              <value>
                <![CDATA[12-26-2019]]>
              </value>
            </param>
            <param index="1">
              <value>
                <![CDATA[09-24-2022]]>
              </value>
            </param>
          </params>
          <reporter-output>
          </reporter-output>
        </test-method> <!-- DateRange -->
        <test-method signature="DateRange(java.lang.String,java.lang.String)[pri:2, instance:dashboards.SalesReport@2e005c4b]" started-at="2022-08-18T09:29:59 IST" name="DateRange" data-provider="Daterange" finished-at="2022-08-18T09:30:00 IST" duration-ms="1227" status="PASS">
          <params>
            <param index="0">
              <value>
                <![CDATA[01-01-2021]]>
              </value>
            </param>
            <param index="1">
              <value>
                <![CDATA[01-01-2022]]>
              </value>
            </param>
          </params>
          <reporter-output>
          </reporter-output>
        </test-method> <!-- DateRange -->
        <test-method signature="DateRange(java.lang.String,java.lang.String)[pri:2, instance:dashboards.SalesReport@2e005c4b]" started-at="2022-08-18T09:30:00 IST" name="DateRange" data-provider="Daterange" finished-at="2022-08-18T09:30:02 IST" duration-ms="1294" status="PASS">
          <params>
            <param index="0">
              <value>
                <![CDATA[01-01-2022]]>
              </value>
            </param>
            <param index="1">
              <value>
                <![CDATA[07-28-2022]]>
              </value>
            </param>
          </params>
          <reporter-output>
          </reporter-output>
        </test-method> <!-- DateRange -->
        <test-method signature="Suppliernameplusandminus()[pri:3, instance:dashboards.SalesReport@2e005c4b]" started-at="2022-08-18T09:30:02 IST" name="Suppliernameplusandminus" finished-at="2022-08-18T09:30:14 IST" duration-ms="12489" status="PASS">
          <reporter-output>
          </reporter-output>
        </test-method> <!-- Suppliernameplusandminus -->
        <test-method signature="Suppliernmaecolumn(java.lang.String)[pri:4, instance:dashboards.SalesReport@2e005c4b]" started-at="2022-08-18T09:30:14 IST" name="Suppliernmaecolumn" data-provider="Supplier" finished-at="2022-08-18T09:30:27 IST" duration-ms="12607" status="PASS">
          <params>
            <param index="0">
              <value>
                <![CDATA[Demo Distributor Company Two]]>
              </value>
            </param>
          </params>
          <reporter-output>
          </reporter-output>
        </test-method> <!-- Suppliernmaecolumn -->
        <test-method signature="Suppliernmaecolumn(java.lang.String)[pri:4, instance:dashboards.SalesReport@2e005c4b]" started-at="2022-08-18T09:30:27 IST" name="Suppliernmaecolumn" data-provider="Supplier" finished-at="2022-08-18T09:30:39 IST" duration-ms="11513" status="PASS">
          <params>
            <param index="0">
              <value>
                <![CDATA[Org Seller 1312]]>
              </value>
            </param>
          </params>
          <reporter-output>
          </reporter-output>
        </test-method> <!-- Suppliernmaecolumn -->
        <test-method signature="ordernocolumn(java.lang.String)[pri:5, instance:dashboards.SalesReport@2e005c4b]" started-at="2022-08-18T09:30:39 IST" name="ordernocolumn" data-provider="Orderno" finished-at="2022-08-18T09:30:46 IST" duration-ms="7227" status="PASS">
          <params>
            <param index="0">
              <value>
                <![CDATA[PH_ODOR29031434_3106_3642850]]>
              </value>
            </param>
          </params>
          <reporter-output>
          </reporter-output>
        </test-method> <!-- ordernocolumn -->
        <test-method signature="ordernocolumn(java.lang.String)[pri:5, instance:dashboards.SalesReport@2e005c4b]" started-at="2022-08-18T09:30:46 IST" name="ordernocolumn" data-provider="Orderno" finished-at="2022-08-18T09:30:53 IST" duration-ms="6739" status="PASS">
          <params>
            <param index="0">
              <value>
                <![CDATA[PH_ODOR29031434_3106_5813352]]>
              </value>
            </param>
          </params>
          <reporter-output>
          </reporter-output>
        </test-method> <!-- ordernocolumn -->
        <test-method signature="sort1()[pri:6, instance:dashboards.SalesReport@2e005c4b]" started-at="2022-08-18T09:30:53 IST" name="sort1" finished-at="2022-08-18T09:30:58 IST" duration-ms="5391" status="PASS">
          <reporter-output>
          </reporter-output>
        </test-method> <!-- sort1 -->
        <test-method signature="sort2()[pri:7, instance:dashboards.SalesReport@2e005c4b]" started-at="2022-08-18T09:30:58 IST" name="sort2" finished-at="2022-08-18T09:31:02 IST" duration-ms="3363" status="PASS">
          <reporter-output>
          </reporter-output>
        </test-method> <!-- sort2 -->
        <test-method signature="filter()[pri:8, instance:dashboards.SalesReport@2e005c4b]" started-at="2022-08-18T09:31:02 IST" name="filter" finished-at="2022-08-18T09:31:21 IST" duration-ms="19800" status="PASS">
          <reporter-output>
          </reporter-output>
        </test-method> <!-- filter -->
        <test-method signature="pagenavigation()[pri:9, instance:dashboards.SalesReport@2e005c4b]" started-at="2022-08-18T09:31:21 IST" name="pagenavigation" finished-at="2022-08-18T09:31:30 IST" duration-ms="8801" status="PASS">
          <reporter-output>
          </reporter-output>
        </test-method> <!-- pagenavigation -->
        <test-method signature="bonusreport()[pri:10, instance:dashboards.SalesReport@2e005c4b]" started-at="2022-08-18T09:31:30 IST" name="bonusreport" finished-at="2022-08-18T09:31:31 IST" duration-ms="483" status="PASS">
          <reporter-output>
          </reporter-output>
        </test-method> <!-- bonusreport -->
      </class> <!-- dashboards.SalesReport -->
    </test> <!-- Default test -->
  </suite> <!-- Default suite -->
</testng-results>
